a+/swift: 0.39 
belo: 0.23 
atomatic: 0.18 
docdancer: 0.22 
chesterfield: 0.18 
edelman: 0.05 
function toDateString() { [native code] }
 ---------------------- 
 
 
redman: 0.15 
gibson: 0.15 
revamped: 0.15 
hans: 0.15 
a+/swift: 0.13 
ravinia: 0.15 
kenney: 0.15 
vanausdall: 0.05 
ksservices: 0.11 
rpm: 0.15 
schebler: 0.15 
atomatic: 0.15 
edwards: 0.15 
efficientsystems: 0.19 
mission: 0.15 
grove: 0.13 
novak: 0.17 
chesterfield: 0.15 
sanborns: 0.15 
energysavers: 0.21 
docdancer: 0.15 
rescon: 0.11 
poston: 0.15 
belo: 0.15 
edelman: 0.11 
valveandmeter: 0.31 
heartland: 0.15 
thiele: 0.15 
star: 0.24 
rusk: 0.15 
keller: 0 
function toDateString() { [native code] }
 ---------------------- 
 
 
docdancer: 0.55 

 
 
 ---------------------- Thu Mar 31 2022
 ---------------------- 
 
 
a+/swift: 0.75 
atomatic: 0.33 
docdancer: 0.55 
belo: 0.44 
chesterfield: 0.22 

 
 
 ---------------------- Thu Mar 31 2022
 ---------------------- 
 
 
a+/swift: 0.27 
ksservices: 0.19 
rpm: 0.23 
docdancer: 0.1 
grove: 0.08 
revamped: 0.16 
schebler: 0.22 
kenney: 0.15 
edwards: 0.17 
efficientsystems: 0.32 
chesterfield: 0.15 
gibson: 0.17 
atomatic: 0.15 
mission: 0.16 
heartland: 0.18 
belo: 0.15 
sanborns: 0.18 
vanausdall: 0.08 
valveandmeter: 0.32 
star: 0.2 
energysavers: 0.2 
evergreen: 0.19 
rescon: 0.13 
poston: 0.17 

 
 
 ---------------------- 
 Thu Mar 31 2022
 ---------------------- 
 
 

 
 
 ---------------------- 
 Thu Mar 31 2022
 ---------------------- 
 
 

 
 
 ---------------------- 
 Thu Mar 31 2022
 ---------------------- 
 
 
a1mechanical: 0.35 
a+/swift: 0.78 
atomatic: 0.53 
belo: 0.64 
chesterfield: 0.35 
docdancer: 0.46 
edelman: 0.25 
edwards: 0.55 
efficientsystems: 0.75 
energysavers: 0.61 
evergreen: 0.37 
gibson: 0.68 
grove: 0.69 
hans: 0.78 
heartland: 0.39 
keller: 0.31 
kenney: 0.6 
ksservices: 0.56 
mission: 0.53 
novak: 0.62 
poston: 0.49 
ravinia: 0.6 
rescon: 0.37 
redman: 0.51 
revamped: 0.51 
rusk: 0.33 
rpm: 0.63 
sanborns: 0.63 
schebler: 0.6 
star: 0.54 
thiele: 0.43 
valveandmeter: 0.5 
vanausdall: 0.5 
